生成启动时间为 2018/9/26 11:12:11。
     1>项目“C:\Users\86093836\Desktop\A_Star_Algorithm-master\A_Star\A_Star.vcxproj”在节点 2 上(Rebuild 个目标)。
     1>ClCompile:
         D:\Program Files (x86)\Microsoft Visual Studio 11.0\VC\bin\CL.exe /c /ZI /nologo /W3 /WX- /Od /Oy- /D WIN32 /D _WINDOWS /D _DEBUG /D _UNICODE /D UNICODE /D _AFXDLL /Gm /EHsc /RTC1 /MDd /GS /fp:precise /Zc:wchar_t /Zc:forScope /Yc"stdafx.h" /Fp"Debug\A_Star.pch" /Fo"Debug\\" /Fd"Debug\vc110.pdb" /Gd /TP /analyze- /errorReport:prompt stdafx.cpp
         stdafx.cpp
         D:\Program Files (x86)\Microsoft Visual Studio 11.0\VC\bin\CL.exe /c /ZI /nologo /W3 /WX- /Od /Oy- /D WIN32 /D _WINDOWS /D _DEBUG /D _UNICODE /D UNICODE /D _AFXDLL /Gm /EHsc /RTC1 /MDd /GS /fp:precise /Zc:wchar_t /Zc:forScope /Yu"stdafx.h" /Fp"Debug\A_Star.pch" /Fo"Debug\\" /Fd"Debug\vc110.pdb" /Gd /TP /analyze- /errorReport:prompt A_Star.cpp A_StarDlg.cpp AStar.cpp
         AStar.cpp
         A_StarDlg.cpp
         A_Star.cpp
         正在生成代码...
       ResourceCompile:
         C:\Program Files (x86)\Windows Kits\8.0\bin\x86\rc.exe /D _DEBUG /D _UNICODE /D UNICODE /D _AFXDLL /l"0x0409" /IDebug\ /nologo /fo"Debug\A_Star.res" A_Star.rc 
       Link:
         D:\Program Files (x86)\Microsoft Visual Studio 11.0\VC\bin\link.exe /ERRORREPORT:PROMPT /OUT:"C:\Users\86093836\Desktop\A_Star_Algorithm-master\Debug\A_Star.exe" /INCREMENTAL /NOLOGO /MANIFEST /MANIFESTUAC:"level='asInvoker' uiAccess='false'" /manifest:embed /manifestinput:"D:\Program Files (x86)\Microsoft Visual Studio 11.0\VC\Include\Manifest\dpiaware.manifest" /DEBUG /PDB:"C:\Users\86093836\Desktop\A_Star_Algorithm-master\Debug\A_Star.pdb" /SUBSYSTEM:WINDOWS /TLBID:1 /ENTRY:"wWinMainCRTStartup" /DYNAMICBASE /NXCOMPAT /IMPLIB:"C:\Users\86093836\Desktop\A_Star_Algorithm-master\Debug\A_Star.lib" /MACHINE:X86 /SAFESEH Debug\A_Star.res
         Debug\A_Star.obj
         Debug\A_StarDlg.obj
         Debug\AStar.obj
         Debug\stdafx.obj
     1>A_Star.obj : warning LNK4075: 忽略“/EDITANDCONTINUE”(由于“/SAFESEH”规范)
         A_Star.vcxproj -> C:\Users\86093836\Desktop\A_Star_Algorithm-master\Debug\A_Star.exe
     1>已完成生成项目“C:\Users\86093836\Desktop\A_Star_Algorithm-master\A_Star\A_Star.vcxproj”(Rebuild 个目标)的操作。

生成成功。

已用时间 00:00:10.77
